build/app/intermediates/manifest_merge_blame_file/debug/manifest-merger-blame-debug-report.txt
1<?xml version="1.0" encoding="utf-8"?>
2<manifest xmlns:android="http://schemas.android.com/apk/res/android"
3    package="com.vts.gps"
4    android:versionCode="1"
5    android:versionName="1.0.0" >
6
7    <uses-sdk
8        android:minSdkVersion="21"
9        android:targetSdkVersion="31" />
10    <!--
11         Flutter needs it to communicate with the running application
12         to allow setting breakpoints, to provide hot reload, etc.
13    -->
14    <uses-permission android:name="android.permission.INTERNET" />
14-->src\main\AndroidManifest.xml:4:5-66
14-->src\main\AndroidManifest.xml:4:22-64
15    <uses-permission android:name="android.permission.WRITE_EXTERNAL_STORAGE" />
15-->src\main\AndroidManifest.xml:5:5-81
15-->src\main\AndroidManifest.xml:5:22-78
16    <uses-permission android:name="android.permission.READ_EXTERNAL_STORAGE" />
16-->src\main\AndroidManifest.xml:6:5-79
16-->src\main\AndroidManifest.xml:6:22-77
17    <uses-permission android:name="android.permission.ACCESS_FINE_LOCATION" />
17-->src\main\AndroidManifest.xml:7:5-78
17-->src\main\AndroidManifest.xml:7:22-76
18    <uses-permission android:name="android.permission.ACCESS_COARSE_LOCATION" />
18-->src\main\AndroidManifest.xml:8:5-81
18-->src\main\AndroidManifest.xml:8:22-78
19
20    <queries>
20-->[:file_picker] AndroidManifest.xml:11:5-17:15
21        <intent>
21-->[:file_picker] AndroidManifest.xml:12:9-16:18
22            <action android:name="android.intent.action.GET_CONTENT" />
22-->[:file_picker] AndroidManifest.xml:13:13-72
22-->[:file_picker] AndroidManifest.xml:13:21-69
23
24            <data android:mimeType="*/*" />
24-->[:file_picker] AndroidManifest.xml:15:13-44
24-->[:file_picker] AndroidManifest.xml:15:19-41
25        </intent>
26        <!-- Needs to be explicitly declared on Android R+ -->
27        <package android:name="com.google.android.apps.maps" />
27-->[com.google.android.gms:play-services-maps:18.1.0] AndroidManifest.xml:33:9-64
27-->[com.google.android.gms:play-services-maps:18.1.0] AndroidManifest.xml:33:18-61
28    </queries>
29
30    <uses-permission android:name="android.permission.REQUEST_INSTALL_PACKAGES" />
30-->[:open_file] AndroidManifest.xml:10:5-83
30-->[:open_file] AndroidManifest.xml:10:22-80
31    <uses-permission android:name="android.permission.CALL_PHONE" />
31-->[:flutter_phone_direct_caller] AndroidManifest.xml:9:5-69
31-->[:flutter_phone_direct_caller] AndroidManifest.xml:9:22-66
32
33    <uses-feature
33-->[:flutter_phone_direct_caller] AndroidManifest.xml:11:5-13:36
34        android:name="android.hardware.telephony"
34-->[:flutter_phone_direct_caller] AndroidManifest.xml:12:9-50
35        android:required="false" /> <!-- Include required permissions for Google Maps API to run. -->
35-->[:flutter_phone_direct_caller] AndroidManifest.xml:13:9-33
36    <uses-permission android:name="android.permission.ACCESS_NETWORK_STATE" />
36-->[com.google.android.gms:play-services-maps:18.1.0] AndroidManifest.xml:23:5-79
36-->[com.google.android.gms:play-services-maps:18.1.0] AndroidManifest.xml:23:22-76
37
38    <uses-feature
38-->[com.google.android.gms:play-services-maps:18.1.0] AndroidManifest.xml:26:5-28:35
39        android:glEsVersion="0x00020000"
39-->[com.google.android.gms:play-services-maps:18.1.0] AndroidManifest.xml:27:9-41
40        android:required="true" />
40-->[com.google.android.gms:play-services-maps:18.1.0] AndroidManifest.xml:28:9-32
41
42    <permission
42-->[androidx.core:core:1.9.0] AndroidManifest.xml:22:5-24:47
43        android:name="com.vts.gps.DYNAMIC_RECEIVER_NOT_EXPORTED_PERMISSION"
43-->[androidx.core:core:1.9.0] AndroidManifest.xml:23:9-81
44        android:protectionLevel="signature" />
44-->[androidx.core:core:1.9.0] AndroidManifest.xml:24:9-44
45
46    <uses-permission android:name="com.vts.gps.DYNAMIC_RECEIVER_NOT_EXPORTED_PERMISSION" />
46-->[androidx.core:core:1.9.0] AndroidManifest.xml:26:5-97
46-->[androidx.core:core:1.9.0] AndroidManifest.xml:26:22-94
47
48    <application
48-->src\main\AndroidManifest.xml:9:4-51:19
49        android:appComponentFactory="androidx.core.app.CoreComponentFactory"
49-->[androidx.core:core:1.9.0] AndroidManifest.xml:28:18-86
50        android:debuggable="true"
51        android:icon="@mipmap/ic_launcher"
51-->src\main\AndroidManifest.xml:11:9-43
52        android:label="Vts"
52-->src\main\AndroidManifest.xml:10:9-28
53        android:requestLegacyExternalStorage="true" >
53-->src\main\AndroidManifest.xml:12:9-52
54        <meta-data
54-->src\main\AndroidManifest.xml:14:8-122
55            android:name="com.google.android.geo.API_KEY"
55-->src\main\AndroidManifest.xml:14:19-64
56            android:value="AIzaSyCzJ9rnQfwR2O7lfUnJt2UGwNicQP_eTUk" />
56-->src\main\AndroidManifest.xml:14:65-120
57
58        <activity
58-->src\main\AndroidManifest.xml:15:8-45:20
59            android:name="com.vts.gps.MainActivity"
59-->src\main\AndroidManifest.xml:16:13-41
60            android:configChanges="orientation|keyboardHidden|keyboard|screenSize|smallestScreenSize|locale|layoutDirection|fontScale|screenLayout|density|uiMode"
60-->src\main\AndroidManifest.xml:21:13-163
61            android:exported="true"
61-->src\main\AndroidManifest.xml:17:12-35
62            android:hardwareAccelerated="true"
62-->src\main\AndroidManifest.xml:22:13-47
63            android:launchMode="singleTop"
63-->src\main\AndroidManifest.xml:19:13-43
64            android:theme="@style/LaunchTheme"
64-->src\main\AndroidManifest.xml:20:13-47
65            android:usesCleartextTraffic="true"
65-->src\main\AndroidManifest.xml:18:13-48
66            android:windowSoftInputMode="adjustResize" >
66-->src\main\AndroidManifest.xml:23:13-55
67
68            <!--
69                 Specifies an Android theme to apply to this Activity as soon as
70                 the Android process has started. This theme is visible to the user
71                 while the Flutter UI initializes. After that, this theme continues
72                 to determine the Window background behind the Flutter UI.
73            -->
74            <meta-data
74-->src\main\AndroidManifest.xml:28:13-31:17
75                android:name="io.flutter.embedding.android.NormalTheme"
75-->src\main\AndroidManifest.xml:29:15-70
76                android:resource="@style/NormalTheme" />
76-->src\main\AndroidManifest.xml:30:15-52
77            <!--
78                 Displays an Android View that continues showing the launch screen
79                 Drawable until Flutter paints its first frame, then this splash
80                 screen fades out. A splash screen is useful to avoid any visual
81                 gap between the end of Android's launch screen and the painting of
82                 Flutter's first frame.
83            -->
84            <meta-data
84-->src\main\AndroidManifest.xml:37:13-40:17
85                android:name="io.flutter.embedding.android.SplashScreenDrawable"
85-->src\main\AndroidManifest.xml:38:15-79
86                android:resource="@drawable/launch_background" />
86-->src\main\AndroidManifest.xml:39:15-61
87
88            <intent-filter>
88-->src\main\AndroidManifest.xml:41:13-44:29
89                <action android:name="android.intent.action.MAIN" />
89-->src\main\AndroidManifest.xml:42:17-68
89-->src\main\AndroidManifest.xml:42:25-66
90
91                <category android:name="android.intent.category.LAUNCHER" />
91-->src\main\AndroidManifest.xml:43:17-76
91-->src\main\AndroidManifest.xml:43:27-74
92            </intent-filter>
93        </activity>
94        <!--
95             Don't delete the meta-data below.
96             This is used by the Flutter tool to generate GeneratedPluginRegistrant.java
97        -->
98        <meta-data
98-->src\main\AndroidManifest.xml:48:9-50:33
99            android:name="flutterEmbedding"
99-->src\main\AndroidManifest.xml:49:13-44
100            android:value="2" />
100-->src\main\AndroidManifest.xml:50:13-30
101
102        <provider
102-->[:image_picker_android] AndroidManifest.xml:10:9-18:20
103            android:name="io.flutter.plugins.imagepicker.ImagePickerFileProvider"
103-->[:image_picker_android] AndroidManifest.xml:11:13-82
104            android:authorities="com.vts.gps.flutter.image_provider"
104-->[:image_picker_android] AndroidManifest.xml:12:13-74
105            android:exported="false"
105-->[:image_picker_android] AndroidManifest.xml:13:13-37
106            android:grantUriPermissions="true" >
106-->[:image_picker_android] AndroidManifest.xml:14:13-47
107            <meta-data
107-->[:image_picker_android] AndroidManifest.xml:15:13-17:75
108                android:name="android.support.FILE_PROVIDER_PATHS"
108-->[:image_picker_android] AndroidManifest.xml:16:17-67
109                android:resource="@xml/flutter_image_picker_file_paths" />
109-->[:image_picker_android] AndroidManifest.xml:17:17-72
110        </provider>
111
112        <activity
112-->[:url_launcher_android] AndroidManifest.xml:10:9-13:74
113            android:name="io.flutter.plugins.urllauncher.WebViewActivity"
113-->[:url_launcher_android] AndroidManifest.xml:11:13-74
114            android:exported="false"
114-->[:url_launcher_android] AndroidManifest.xml:12:13-37
115            android:theme="@android:style/Theme.NoTitleBar.Fullscreen" />
115-->[:url_launcher_android] AndroidManifest.xml:13:13-71
116
117        <provider
117-->[:open_file] AndroidManifest.xml:14:9-23:20
118            android:name="com.crazecoder.openfile.FileProvider"
118-->[:open_file] AndroidManifest.xml:15:13-64
119            android:authorities="com.vts.gps.fileProvider.com.crazecoder.openfile"
119-->[:open_file] AndroidManifest.xml:16:13-88
120            android:exported="false"
120-->[:open_file] AndroidManifest.xml:17:13-37
121            android:grantUriPermissions="true" >
121-->[:open_file] AndroidManifest.xml:18:13-47
122            <meta-data
122-->[:image_picker_android] AndroidManifest.xml:15:13-17:75
123                android:name="android.support.FILE_PROVIDER_PATHS"
123-->[:image_picker_android] AndroidManifest.xml:16:17-67
124                android:resource="@xml/filepaths" />
124-->[:image_picker_android] AndroidManifest.xml:17:17-72
125        </provider>
126        <provider
126-->[:share_plus] AndroidManifest.xml:10:9-18:20
127            android:name="dev.fluttercommunity.plus.share.ShareFileProvider"
127-->[:share_plus] AndroidManifest.xml:11:13-77
128            android:authorities="com.vts.gps.flutter.share_provider"
128-->[:share_plus] AndroidManifest.xml:12:13-74
129            android:exported="false"
129-->[:share_plus] AndroidManifest.xml:13:13-37
130            android:grantUriPermissions="true" >
130-->[:share_plus] AndroidManifest.xml:14:13-47
131            <meta-data
131-->[:image_picker_android] AndroidManifest.xml:15:13-17:75
132                android:name="android.support.FILE_PROVIDER_PATHS"
132-->[:image_picker_android] AndroidManifest.xml:16:17-67
133                android:resource="@xml/flutter_share_file_paths" />
133-->[:image_picker_android] AndroidManifest.xml:17:17-72
134        </provider>
135
136        <service
136-->[:location] AndroidManifest.xml:13:9-17:56
137            android:name="com.lyokone.location.FlutterLocationService"
137-->[:location] AndroidManifest.xml:14:13-71
138            android:enabled="true"
138-->[:location] AndroidManifest.xml:15:13-35
139            android:exported="false"
139-->[:location] AndroidManifest.xml:16:13-37
140            android:foregroundServiceType="location" /> <!-- Needs to be explicitly declared on P+ -->
140-->[:location] AndroidManifest.xml:17:13-53
141        <uses-library
141-->[com.google.android.gms:play-services-maps:18.1.0] AndroidManifest.xml:39:9-41:40
142            android:name="org.apache.http.legacy"
142-->[com.google.android.gms:play-services-maps:18.1.0] AndroidManifest.xml:40:13-50
143            android:required="false" />
143-->[com.google.android.gms:play-services-maps:18.1.0] AndroidManifest.xml:41:13-37
144
145        <activity
145-->[com.google.android.gms:play-services-base:18.0.1] AndroidManifest.xml:20:9-22:45
146            android:name="com.google.android.gms.common.api.GoogleApiActivity"
146-->[com.google.android.gms:play-services-base:18.0.1] AndroidManifest.xml:20:19-85
147            android:exported="false"
147-->[com.google.android.gms:play-services-base:18.0.1] AndroidManifest.xml:22:19-43
148            android:theme="@android:style/Theme.Translucent.NoTitleBar" />
148-->[com.google.android.gms:play-services-base:18.0.1] AndroidManifest.xml:21:19-78
149
150        <meta-data
150-->[com.google.android.gms:play-services-basement:18.0.0] AndroidManifest.xml:21:9-23:69
151            android:name="com.google.android.gms.version"
151-->[com.google.android.gms:play-services-basement:18.0.0] AndroidManifest.xml:22:13-58
152            android:value="@integer/google_play_services_version" />
152-->[com.google.android.gms:play-services-basement:18.0.0] AndroidManifest.xml:23:13-66
153
154        <uses-library
154-->[androidx.window:window:1.0.0-beta04] AndroidManifest.xml:25:9-27:40
155            android:name="androidx.window.extensions"
155-->[androidx.window:window:1.0.0-beta04] AndroidManifest.xml:26:13-54
156            android:required="false" />
156-->[androidx.window:window:1.0.0-beta04] AndroidManifest.xml:27:13-37
157        <uses-library
157-->[androidx.window:window:1.0.0-beta04] AndroidManifest.xml:28:9-30:40
158            android:name="androidx.window.sidecar"
158-->[androidx.window:window:1.0.0-beta04] AndroidManifest.xml:29:13-51
159            android:required="false" />
159-->[androidx.window:window:1.0.0-beta04] AndroidManifest.xml:30:13-37
160    </application>
161
162</manifest>